#! /usr/share/bin/vvp
:ivl_version "12.0 (devel)" "(s20150603-1641-g10a39e59a)";
:ivl_delay_selection "TYPICAL";
:vpi_time_precision + 0;
:vpi_module "/usr/share/lib/ivl/system.vpi";
:vpi_module "/usr/share/lib/ivl/vhdl_sys.vpi";
:vpi_module "/usr/share/lib/ivl/vhdl_textio.vpi";
:vpi_module "/usr/share/lib/ivl/v2005_math.vpi";
:vpi_module "/usr/share/lib/ivl/va_math.vpi";
:vpi_module "/usr/share/lib/ivl/v2009.vpi";
S_0x558a0cf0cdf0 .scope package, "$unit" "$unit" 2 1;
 .timescale 0 0;
S_0x558a0cf0cf80 .scope module, "counter" "counter" 3 1;
 .timescale 0 0;
    .port_info 0 /OUTPUT 8 "out";
    .port_info 1 /INPUT 1 "clk";
    .port_info 2 /INPUT 1 "reset";
o0x7f10f26d0018 .functor BUFZ 1, C4<z>; HiZ drive
v0x558a0cf32c20_0 .net "clk", 0 0, o0x7f10f26d0018;  0 drivers
v0x558a0cf54cc0_0 .var "out", 7 0;
o0x7f10f26d0078 .functor BUFZ 1, C4<z>; HiZ drive
v0x558a0cf54da0_0 .net "reset", 0 0, o0x7f10f26d0078;  0 drivers
E_0x558a0cf0d650 .event posedge, v0x558a0cf54da0_0, v0x558a0cf32c20_0;
    .scope S_0x558a0cf0cf80;
T_0 ;
    %wait E_0x558a0cf0d650;
    %load/vec4 v0x558a0cf54da0_0;
    %flag_set/vec4 8;
    %jmp/0xz  T_0.0, 8;
    %pushi/vec4 0, 0, 8;
    %assign/vec4 v0x558a0cf54cc0_0, 0;
    %jmp T_0.1;
T_0.0 ;
    %load/vec4 v0x558a0cf54cc0_0;
    %addi 1, 0, 8;
    %assign/vec4 v0x558a0cf54cc0_0, 0;
T_0.1 ;
    %jmp T_0;
    .thread T_0;
# The file index is used to find the file name in the following table.
:file_names 4;
    "N/A";
    "<interactive>";
    "-";
    "counter.sv";
